# JRE version: OpenJDK Runtime Environment Microsoft-8035246 (17.0.8+7) (build 17.0.8+7-LTS)
# Java VM: OpenJDK 64-Bit Server VM Microsoft-8035246 (17.0.8+7-LTS, mixed mode, sharing, tiered, compressed oops, compressed class ptrs, g1 gc, windows-amd64)
GC Precious Log:
 CPUs: 4 total, 4 available
 Memory: 8083M
 Large Page Support: Disabled
 NUMA Support: Disabled
 Compressed Oops: Enabled (32-bit)
 Heap Region Size: 1M
 Heap Min Capacity: 8M
 Heap Initial Capacity: 128M
 Heap Max Capacity: 2G
 Pre-touch: Disabled
 Parallel Workers: 4
 Concurrent Workers: 1
 Concurrent Refinement Workers: 4
 Periodic GC: Disabled
Heap:
 garbage-first heap   total 322560K, used 228402K [0x0000000080000000, 0x0000000100000000)
  region size 1024K, 27 young (27648K), 8 survivors (8192K)
 Metaspace       used 109306K, committed 110592K, reserved 557056K
  class space    used 15175K, committed 15744K, reserved 425984K
GC Heap History (20 events):
Event: 116.164 GC heap before
{Heap before GC invocations=69 (full 0):
 garbage-first heap   total 178176K, used 160564K [0x0000000080000000, 0x0000000100000000)
  region size 1024K, 8 young (8192K), 1 survivors (1024K)
 Metaspace       used 102143K, committed 103168K, reserved 557056K
  class space    used 14272K, committed 14720K, reserved 425984K
}
Event: 116.168 GC heap after
{Heap after GC invocations=70 (full 0):
 garbage-first heap   total 178176K, used 154484K [0x0000000080000000, 0x0000000100000000)
  region size 1024K, 1 young (1024K), 1 survivors (1024K)
 Metaspace       used 102143K, committed 103168K, reserved 557056K
  class space    used 14272K, committed 14720K, reserved 425984K
}
Event: 116.592 GC heap before
{Heap before GC invocations=70 (full 0):
 garbage-first heap   total 178176K, used 161652K [0x0000000080000000, 0x0000000100000000)
  region size 1024K, 8 young (8192K), 1 survivors (1024K)
 Metaspace       used 102163K, committed 103168K, reserved 557056K
  class space    used 14274K, committed 14720K, reserved 425984K
}
Event: 116.603 GC heap after
{Heap after GC invocations=71 (full 0):
 garbage-first heap   total 178176K, used 155757K [0x0000000080000000, 0x0000000100000000)
  region size 1024K, 1 young (1024K), 1 survivors (1024K)
 Metaspace       used 102163K, committed 103168K, reserved 557056K
  class space    used 14274K, committed 14720K, reserved 425984K
}
Event: 116.955 GC heap before
{Heap before GC invocations=71 (full 0):
 garbage-first heap   total 178176K, used 162925K [0x0000000080000000, 0x0000000100000000)
  region size 1024K, 8 young (8192K), 1 survivors (1024K)
 Metaspace       used 102165K, committed 103168K, reserved 557056K
  class space    used 14274K, committed 14720K, reserved 425984K
}
Event: 116.960 GC heap after
{Heap after GC invocations=72 (full 0):
 garbage-first heap   total 178176K, used 157050K [0x0000000080000000, 0x0000000100000000)
  region size 1024K, 1 young (1024K), 1 survivors (1024K)
 Metaspace       used 102165K, committed 103168K, reserved 557056K
  class space    used 14274K, committed 14720K, reserved 425984K
}
Event: 117.550 GC heap before
{Heap before GC invocations=73 (full 0):
 garbage-first heap   total 268288K, used 169338K [0x0000000080000000, 0x0000000100000000)
  region size 1024K, 13 young (13312K), 1 survivors (1024K)
 Metaspace       used 102168K, committed 103168K, reserved 557056K
  class space    used 14274K, committed 14720K, reserved 425984K
}
Event: 117.556 GC heap after
{Heap after GC invocations=74 (full 0):
 garbage-first heap   total 268288K, used 159467K [0x0000000080000000, 0x0000000100000000)
  region size 1024K, 2 young (2048K), 2 survivors (2048K)
 Metaspace       used 102168K, committed 103168K, reserved 557056K
  class space    used 14274K, committed 14720K, reserved 425984K
}
Event: 118.111 GC heap before
{Heap before GC invocations=74 (full 0):
 garbage-first heap   total 268288K, used 170731K [0x0000000080000000, 0x0000000100000000)
  region size 1024K, 13 young (13312K), 2 survivors (2048K)
 Metaspace       used 102175K, committed 103168K, reserved 557056K
  class space    used 14274K, committed 14720K, reserved 425984K
}
Event: 118.122 GC heap after
{Heap after GC invocations=75 (full 0):
 garbage-first heap   total 322560K, used 160181K [0x0000000080000000, 0x0000000100000000)
  region size 1024K, 2 young (2048K), 2 survivors (2048K)
 Metaspace       used 102175K, committed 103168K, reserved 557056K
  class space    used 14274K, committed 14720K, reserved 425984K
}
Event: 125.945 GC heap before
{Heap before GC invocations=75 (full 0):
 garbage-first heap   total 322560K, used 254389K [0x0000000080000000, 0x0000000100000000)
  region size 1024K, 92 young (94208K), 2 survivors (2048K)
 Metaspace       used 103027K, committed 104128K, reserved 557056K
  class space    used 14369K, committed 14848K, reserved 425984K
}
Event: 125.992 GC heap after
{Heap after GC invocations=76 (full 0):
 garbage-first heap   total 322560K, used 180224K [0x0000000080000000, 0x0000000100000000)
  region size 1024K, 12 young (12288K), 12 survivors (12288K)
 Metaspace       used 103027K, committed 104128K, reserved 557056K
  class space    used 14369K, committed 14848K, reserved 425984K
}
Event: 133.119 GC heap before
{Heap before GC invocations=76 (full 0):
 garbage-first heap   total 322560K, used 254976K [0x0000000080000000, 0x0000000100000000)
  region size 1024K, 85 young (87040K), 12 survivors (12288K)
 Metaspace       used 107270K, committed 108416K, reserved 557056K
  class space    used 14969K, committed 15488K, reserved 425984K
}
Event: 133.169 GC heap after
{Heap after GC invocations=77 (full 0):
 garbage-first heap   total 322560K, used 188791K [0x0000000080000000, 0x0000000100000000)
  region size 1024K, 9 young (9216K), 9 survivors (9216K)
 Metaspace       used 107270K, committed 108416K, reserved 557056K
  class space    used 14969K, committed 15488K, reserved 425984K
}
Event: 137.532 GC heap before
{Heap before GC invocations=77 (full 0):
 garbage-first heap   total 322560K, used 258423K [0x0000000080000000, 0x0000000100000000)
  region size 1024K, 77 young (78848K), 9 survivors (9216K)
 Metaspace       used 108016K, committed 109184K, reserved 557056K
  class space    used 15026K, committed 15552K, reserved 425984K
}
Event: 137.567 GC heap after
{Heap after GC invocations=78 (full 0):
 garbage-first heap   total 322560K, used 196381K [0x0000000080000000, 0x0000000100000000)
  region size 1024K, 8 young (8192K), 8 survivors (8192K)
 Metaspace       used 108016K, committed 109184K, reserved 557056K
  class space    used 15026K, committed 15552K, reserved 425984K
}
Event: 142.668 GC heap before
{Heap before GC invocations=78 (full 0):
 garbage-first heap   total 322560K, used 261917K [0x0000000080000000, 0x0000000100000000)
  region size 1024K, 73 young (74752K), 8 survivors (8192K)
 Metaspace       used 108939K, committed 110144K, reserved 557056K
  class space    used 15125K, committed 15680K, reserved 425984K
}
Event: 142.704 GC heap after
{Heap after GC invocations=79 (full 0):
 garbage-first heap   total 322560K, used 204168K [0x0000000080000000, 0x0000000100000000)
  region size 1024K, 8 young (8192K), 8 survivors (8192K)
 Metaspace       used 108939K, committed 110144K, reserved 557056K
  class space    used 15125K, committed 15680K, reserved 425984K
}
Event: 145.795 GC heap before
{Heap before GC invocations=79 (full 0):
 garbage-first heap   total 322560K, used 264584K [0x0000000080000000, 0x0000000100000000)
  region size 1024K, 68 young (69632K), 8 survivors (8192K)
 Metaspace       used 109306K, committed 110592K, reserved 557056K
  class space    used 15175K, committed 15744K, reserved 425984K
}
Event: 145.826 GC heap after
{Heap after GC invocations=80 (full 0):
 garbage-first heap   total 322560K, used 209970K [0x0000000080000000, 0x0000000100000000)
  region size 1024K, 8 young (8192K), 8 survivors (8192K)
 Metaspace       used 109306K, committed 110592K, reserved 557056K
  class space    used 15175K, committed 15744K, reserved 425984K
}

