# JRE version: OpenJDK Runtime Environment Microsoft-8035246 (17.0.8+7) (build 17.0.8+7-LTS)
# Java VM: OpenJDK 64-Bit Server VM Microsoft-8035246 (17.0.8+7-LTS, mixed mode, sharing, tiered, compressed oops, compressed class ptrs, g1 gc, windows-amd64)
GC Precious Log:
 CPUs: 4 total, 4 available
 Memory: 8083M
 Large Page Support: Disabled
 NUMA Support: Disabled
 Compressed Oops: Enabled (32-bit)
 Heap Region Size: 1M
 Heap Min Capacity: 8M
 Heap Initial Capacity: 128M
 Heap Max Capacity: 2G
 Pre-touch: Disabled
 Parallel Workers: 4
 Concurrent Workers: 1
 Concurrent Refinement Workers: 4
 Periodic GC: Disabled
Heap:
 garbage-first heap   total 275456K, used 233832K [0x0000000080000000, 0x0000000100000000)
  region size 1024K, 25 young (25600K), 4 survivors (4096K)
 Metaspace       used 109583K, committed 110784K, reserved 557056K
  class space    used 15205K, committed 15744K, reserved 425984K
GC Heap History (20 events):
Event: 242.959 GC heap before
{Heap before GC invocations=55 (full 0):
 garbage-first heap   total 229376K, used 198298K [0x0000000080000000, 0x0000000100000000)
  region size 1024K, 14 young (14336K), 1 survivors (1024K)
 Metaspace       used 105445K, committed 106560K, reserved 557056K
  class space    used 14743K, committed 15296K, reserved 425984K
}
Event: 242.964 GC heap after
{Heap after GC invocations=56 (full 0):
 garbage-first heap   total 229376K, used 185443K [0x0000000080000000, 0x0000000100000000)
  region size 1024K, 2 young (2048K), 2 survivors (2048K)
 Metaspace       used 105445K, committed 106560K, reserved 557056K
  class space    used 14743K, committed 15296K, reserved 425984K
}
Event: 243.724 GC heap before
{Heap before GC invocations=56 (full 0):
 garbage-first heap   total 229376K, used 198755K [0x0000000080000000, 0x0000000100000000)
  region size 1024K, 15 young (15360K), 2 survivors (2048K)
 Metaspace       used 106575K, committed 107712K, reserved 557056K
  class space    used 14882K, committed 15424K, reserved 425984K
}
Event: 243.729 GC heap after
{Heap after GC invocations=57 (full 0):
 garbage-first heap   total 229376K, used 186300K [0x0000000080000000, 0x0000000100000000)
  region size 1024K, 2 young (2048K), 2 survivors (2048K)
 Metaspace       used 106575K, committed 107712K, reserved 557056K
  class space    used 14882K, committed 15424K, reserved 425984K
}
Event: 244.447 GC heap before
{Heap before GC invocations=57 (full 0):
 garbage-first heap   total 229376K, used 198588K [0x0000000080000000, 0x0000000100000000)
  region size 1024K, 15 young (15360K), 2 survivors (2048K)
 Metaspace       used 107299K, committed 108416K, reserved 557056K
  class space    used 14979K, committed 15488K, reserved 425984K
}
Event: 244.460 GC heap after
{Heap after GC invocations=58 (full 0):
 garbage-first heap   total 229376K, used 187674K [0x0000000080000000, 0x0000000100000000)
  region size 1024K, 2 young (2048K), 2 survivors (2048K)
 Metaspace       used 107299K, committed 108416K, reserved 557056K
  class space    used 14979K, committed 15488K, reserved 425984K
}
Event: 245.462 GC heap before
{Heap before GC invocations=58 (full 0):
 garbage-first heap   total 229376K, used 199962K [0x0000000080000000, 0x0000000100000000)
  region size 1024K, 14 young (14336K), 2 survivors (2048K)
 Metaspace       used 107473K, committed 108608K, reserved 557056K
  class space    used 14989K, committed 15552K, reserved 425984K
}
Event: 245.475 GC heap after
{Heap after GC invocations=59 (full 0):
 garbage-first heap   total 275456K, used 191333K [0x0000000080000000, 0x0000000100000000)
  region size 1024K, 2 young (2048K), 2 survivors (2048K)
 Metaspace       used 107473K, committed 108608K, reserved 557056K
  class space    used 14989K, committed 15552K, reserved 425984K
}
Event: 247.762 GC heap before
{Heap before GC invocations=59 (full 0):
 garbage-first heap   total 275456K, used 229221K [0x0000000080000000, 0x0000000100000000)
  region size 1024K, 39 young (39936K), 2 survivors (2048K)
 Metaspace       used 108129K, committed 109248K, reserved 557056K
  class space    used 15051K, committed 15552K, reserved 425984K
}
Event: 247.777 GC heap after
{Heap after GC invocations=60 (full 0):
 garbage-first heap   total 275456K, used 196196K [0x0000000080000000, 0x0000000100000000)
  region size 1024K, 5 young (5120K), 5 survivors (5120K)
 Metaspace       used 108129K, committed 109248K, reserved 557056K
  class space    used 15051K, committed 15552K, reserved 425984K
}
Event: 249.522 GC heap before
{Heap before GC invocations=60 (full 0):
 garbage-first heap   total 275456K, used 232036K [0x0000000080000000, 0x0000000100000000)
  region size 1024K, 40 young (40960K), 5 survivors (5120K)
 Metaspace       used 108313K, committed 109504K, reserved 557056K
  class space    used 15053K, committed 15616K, reserved 425984K
}
Event: 249.538 GC heap after
{Heap after GC invocations=61 (full 0):
 garbage-first heap   total 275456K, used 199808K [0x0000000080000000, 0x0000000100000000)
  region size 1024K, 4 young (4096K), 4 survivors (4096K)
 Metaspace       used 108313K, committed 109504K, reserved 557056K
  class space    used 15053K, committed 15616K, reserved 425984K
}
Event: 250.899 GC heap before
{Heap before GC invocations=61 (full 0):
 garbage-first heap   total 275456K, used 233600K [0x0000000080000000, 0x0000000100000000)
  region size 1024K, 37 young (37888K), 4 survivors (4096K)
 Metaspace       used 108557K, committed 109696K, reserved 557056K
  class space    used 15075K, committed 15616K, reserved 425984K
}
Event: 250.913 GC heap after
{Heap after GC invocations=62 (full 0):
 garbage-first heap   total 275456K, used 204819K [0x0000000080000000, 0x0000000100000000)
  region size 1024K, 5 young (5120K), 5 survivors (5120K)
 Metaspace       used 108557K, committed 109696K, reserved 557056K
  class space    used 15075K, committed 15616K, reserved 425984K
}
Event: 252.120 GC heap before
{Heap before GC invocations=62 (full 0):
 garbage-first heap   total 275456K, used 233491K [0x0000000080000000, 0x0000000100000000)
  region size 1024K, 34 young (34816K), 5 survivors (5120K)
 Metaspace       used 109145K, committed 110400K, reserved 557056K
  class space    used 15147K, committed 15744K, reserved 425984K
}
Event: 252.135 GC heap after
{Heap after GC invocations=63 (full 0):
 garbage-first heap   total 275456K, used 207992K [0x0000000080000000, 0x0000000100000000)
  region size 1024K, 4 young (4096K), 4 survivors (4096K)
 Metaspace       used 109145K, committed 110400K, reserved 557056K
  class space    used 15147K, committed 15744K, reserved 425984K
}
Event: 252.974 GC heap before
{Heap before GC invocations=63 (full 0):
 garbage-first heap   total 275456K, used 235640K [0x0000000080000000, 0x0000000100000000)
  region size 1024K, 31 young (31744K), 4 survivors (4096K)
 Metaspace       used 109310K, committed 110528K, reserved 557056K
  class space    used 15154K, committed 15744K, reserved 425984K
}
Event: 252.983 GC heap after
{Heap after GC invocations=64 (full 0):
 garbage-first heap   total 275456K, used 209449K [0x0000000080000000, 0x0000000100000000)
  region size 1024K, 2 young (2048K), 2 survivors (2048K)
 Metaspace       used 109310K, committed 110528K, reserved 557056K
  class space    used 15154K, committed 15744K, reserved 425984K
}
Event: 254.116 GC heap before
{Heap before GC invocations=64 (full 0):
 garbage-first heap   total 275456K, used 237097K [0x0000000080000000, 0x0000000100000000)
  region size 1024K, 30 young (30720K), 2 survivors (2048K)
 Metaspace       used 109579K, committed 110784K, reserved 557056K
  class space    used 15205K, committed 15744K, reserved 425984K
}
Event: 254.127 GC heap after
{Heap after GC invocations=65 (full 0):
 garbage-first heap   total 275456K, used 214376K [0x0000000080000000, 0x0000000100000000)
  region size 1024K, 4 young (4096K), 4 survivors (4096K)
 Metaspace       used 109579K, committed 110784K, reserved 557056K
  class space    used 15205K, committed 15744K, reserved 425984K
}

